INFO 2026-02-20 23:20:41,995 autoreload 376693 136059916497024 Watching for file changes with StatReloader
WARNING 2026-02-20 23:20:44,547 log 376693 136059595781824 Not Found: /
INFO 2026-02-21 00:10:18,519 autoreload 376693 136059916497024 /home/p1/backend/doc_creator/settings.py changed, reloading.
INFO 2026-02-21 00:10:19,167 autoreload 380036 124367975133312 Watching for file changes with StatReloader
INFO 2026-02-21 00:15:19,209 autoreload 382327 140121613828224 Watching for file changes with StatReloader
INFO 2026-02-21 00:17:50,820 autoreload 383391 131093984776320 Watching for file changes with StatReloader
WARNING 2026-02-21 00:18:03,201 log 383391 131093658334912 Not Found: /
WARNING 2026-02-21 00:18:14,287 log 383391 131093623715520 Not Found: /schedule
WARNING 2026-02-21 00:18:31,715 log 383391 131093623715520 Not Found: /inspections
WARNING 2026-02-21 00:18:35,661 log 383391 131093623715520 Not Found: /api
INFO 2026-02-21 00:21:14,873 autoreload 383391 131093984776320 /home/p1/backend/doc_creator/settings.py changed, reloading.
INFO 2026-02-21 00:21:15,845 autoreload 384900 124300043452544 Watching for file changes with StatReloader
INFO 2026-02-21 00:21:26,358 autoreload 384900 124300043452544 /home/p1/backend/doc_creator/settings.py changed, reloading.
INFO 2026-02-21 00:21:26,875 autoreload 385035 123743385899136 Watching for file changes with StatReloader
INFO 2026-02-21 00:21:35,418 autoreload 385035 123743385899136 /home/p1/backend/doc_creator/settings.py changed, reloading.
INFO 2026-02-21 00:21:36,074 autoreload 385159 133129655406720 Watching for file changes with StatReloader
INFO 2026-02-21 00:22:47,215 autoreload 385526 136469387423872 Watching for file changes with StatReloader
WARNING 2026-02-21 00:23:29,718 log 385526 136468827731648 Bad Request: /api/inspections/schedule/
WARNING 2026-02-21 00:37:17,154 log 385526 136468290860736 Forbidden (CSRF token from POST incorrect.): /inspections/schedule/
INFO 2026-02-21 00:37:52,367 creators 385526 136469061564096 Initializing workbook
INFO 2026-02-21 00:37:52,380 creators 385526 136469061564096 Workbook initialization complete
INFO 2026-02-21 00:37:52,391 creators 385526 136469061564096 Workbook saved: /download/Milligan Region 8 Bridge Inspection Weekly Schedule - Week of 10-5-25.xlsx
INFO 2026-02-21 00:37:52,398 creators 385526 136469061564096 Created schedule for team=Milligan week=2025-10-05: 4 entries
INFO 2026-02-21 00:37:52,400 creators 385526 136469061564096 Initializing workbook
INFO 2026-02-21 00:37:52,411 creators 385526 136469061564096 Workbook initialization complete
INFO 2026-02-21 00:37:52,418 creators 385526 136469061564096 Workbook saved: /download/Milligan Region 8 Bridge Inspection Weekly Schedule - Week of 10-12-25.xlsx
INFO 2026-02-21 00:37:52,425 creators 385526 136469061564096 Created schedule for team=Milligan week=2025-10-12: 5 entries
INFO 2026-02-21 00:37:52,427 creators 385526 136469061564096 Initializing workbook
INFO 2026-02-21 00:37:52,438 creators 385526 136469061564096 Workbook initialization complete
INFO 2026-02-21 00:37:52,447 creators 385526 136469061564096 Workbook saved: /download/Milligan Region 8 Bridge Inspection Weekly Schedule - Week of 10-19-25.xlsx
INFO 2026-02-21 00:37:52,453 creators 385526 136469061564096 Created schedule for team=Milligan week=2025-10-19: 3 entries
INFO 2026-02-21 00:37:52,454 creators 385526 136469061564096 Initializing workbook
INFO 2026-02-21 00:37:52,468 creators 385526 136469061564096 Workbook initialization complete
INFO 2026-02-21 00:37:52,476 creators 385526 136469061564096 Workbook saved: /download/Milligan Region 8 Bridge Inspection Weekly Schedule - Week of 10-26-25.xlsx
INFO 2026-02-21 00:37:52,488 creators 385526 136469061564096 Created schedule for team=Milligan week=2025-10-26: 3 entries
INFO 2026-02-21 00:39:37,942 autoreload 385526 136469387423872 /home/p1/backend/src/input_parser.py changed, reloading.
INFO 2026-02-21 00:39:38,505 autoreload 391593 134643112026240 Watching for file changes with StatReloader
INFO 2026-02-21 00:41:12,379 autoreload 391593 134643112026240 /home/p1/backend/src/input_parser.py changed, reloading.
INFO 2026-02-21 00:41:12,800 autoreload 392226 130950984450176 Watching for file changes with StatReloader
INFO 2026-02-21 00:44:35,800 creators 392226 130950658782912 Initializing workbook
INFO 2026-02-21 00:44:35,817 creators 392226 130950658782912 Workbook initialization complete
INFO 2026-02-21 00:44:35,828 creators 392226 130950658782912 Created schedule for team=Chen week=2025-08-03: 1 entries
INFO 2026-02-21 00:44:52,691 creators 392226 130950658782912 Initializing workbook
INFO 2026-02-21 00:44:52,706 creators 392226 130950658782912 Workbook initialization complete
INFO 2026-02-21 00:44:52,717 creators 392226 130950658782912 Created schedule for team=Chen week=2025-08-03: 1 entries
INFO 2026-02-21 00:44:52,720 creators 392226 130950658782912 Initializing workbook
INFO 2026-02-21 00:44:52,736 creators 392226 130950658782912 Workbook initialization complete
INFO 2026-02-21 00:44:52,745 creators 392226 130950658782912 Created schedule for team=Chen week=2025-08-17: 1 entries
INFO 2026-02-21 00:47:59,100 creators 392226 130950658782912 Initializing workbook
INFO 2026-02-21 00:47:59,115 creators 392226 130950658782912 Workbook initialization complete
INFO 2026-02-21 00:47:59,123 creators 392226 130950658782912 Created schedule for team=Milligan week=2025-11-02: 1 entries
INFO 2026-02-21 00:48:36,532 creators 392226 130950658782912 Initializing workbook
INFO 2026-02-21 00:48:36,545 creators 392226 130950658782912 Workbook initialization complete
INFO 2026-02-21 00:48:36,552 creators 392226 130950658782912 Created schedule for team=Milligan week=2025-11-09: 1 entries
INFO 2026-02-21 00:48:36,553 creators 392226 130950658782912 Initializing workbook
INFO 2026-02-21 00:48:36,565 creators 392226 130950658782912 Workbook initialization complete
INFO 2026-02-21 00:48:36,572 creators 392226 130950658782912 Created schedule for team=Milligan week=2025-11-16: 5 entries
INFO 2026-02-21 00:48:36,574 creators 392226 130950658782912 Initializing workbook
INFO 2026-02-21 00:48:36,585 creators 392226 130950658782912 Workbook initialization complete
INFO 2026-02-21 00:48:36,593 creators 392226 130950658782912 Created schedule for team=Milligan week=2025-11-23: 3 entries
INFO 2026-02-21 00:49:42,627 autoreload 392226 130950984450176 /home/p1/backend/src/input_parser.py changed, reloading.
INFO 2026-02-21 00:49:43,546 autoreload 394055 136658164007040 Watching for file changes with StatReloader
INFO 2026-02-21 00:50:03,254 autoreload 394055 136658164007040 /home/p1/backend/src/input_parser.py changed, reloading.
INFO 2026-02-21 00:50:04,208 autoreload 394295 128420891091072 Watching for file changes with StatReloader
INFO 2026-02-21 00:50:18,761 autoreload 394295 128420891091072 /home/p1/backend/src/input_parser.py changed, reloading.
INFO 2026-02-21 00:50:19,657 autoreload 394447 130923304960128 Watching for file changes with StatReloader
INFO 2026-02-21 00:50:52,456 autoreload 394447 130923304960128 /home/p1/backend/inspections/api.py changed, reloading.
INFO 2026-02-21 00:50:52,988 autoreload 394725 128966556356736 Watching for file changes with StatReloader
INFO 2026-02-21 00:53:50,616 creators 394725 128966229751488 Initializing workbook
INFO 2026-02-21 00:53:50,635 creators 394725 128966229751488 Workbook initialization complete
INFO 2026-02-21 00:53:50,648 creators 394725 128966229751488 Created schedule for team=Chen week=2025-08-03: 1 entries
INFO 2026-02-21 00:53:50,650 creators 394725 128966229751488 Initializing workbook
INFO 2026-02-21 00:53:50,663 creators 394725 128966229751488 Workbook initialization complete
INFO 2026-02-21 00:53:50,670 creators 394725 128966229751488 Created schedule for team=Chen week=2025-08-17: 1 entries
INFO 2026-02-21 00:54:50,744 creators 394725 128966229751488 Initializing workbook
INFO 2026-02-21 00:54:50,757 creators 394725 128966229751488 Workbook initialization complete
INFO 2026-02-21 00:54:50,764 creators 394725 128966229751488 Created schedule for team=Milligan week=2025-11-02: 3 entries
INFO 2026-02-21 00:54:50,766 creators 394725 128966229751488 Initializing workbook
INFO 2026-02-21 00:54:50,777 creators 394725 128966229751488 Workbook initialization complete
INFO 2026-02-21 00:54:50,783 creators 394725 128966229751488 Created schedule for team=Milligan week=2025-11-09: 1 entries
INFO 2026-02-21 00:54:50,785 creators 394725 128966229751488 Initializing workbook
INFO 2026-02-21 00:54:50,795 creators 394725 128966229751488 Workbook initialization complete
INFO 2026-02-21 00:54:50,802 creators 394725 128966229751488 Created schedule for team=Milligan week=2025-11-16: 4 entries
INFO 2026-02-21 00:55:01,031 creators 394725 128966229751488 Initializing workbook
INFO 2026-02-21 00:55:01,042 creators 394725 128966229751488 Workbook initialization complete
INFO 2026-02-21 00:55:01,049 creators 394725 128966229751488 Created schedule for team=Milligan week=2025-11-02: 3 entries
INFO 2026-02-21 00:56:45,447 autoreload 394725 128966556356736 /home/p1/backend/inspections/urls.py changed, reloading.
INFO 2026-02-21 00:56:45,927 autoreload 397317 135498398863488 Watching for file changes with StatReloader
INFO 2026-02-21 00:57:09,511 autoreload 397317 135498398863488 /home/p1/backend/doc_creator/urls.py changed, reloading.
INFO 2026-02-21 00:57:10,038 autoreload 397538 138337541148800 Watching for file changes with StatReloader
INFO 2026-02-21 01:02:32,966 creators 397538 138337206658752 Initializing workbook
INFO 2026-02-21 01:02:32,979 creators 397538 138337206658752 Workbook initialization complete
INFO 2026-02-21 01:02:32,987 creators 397538 138337206658752 Created schedule for team=Hadden week=2025-11-02: 3 entries
